<?xml version="1.0" encoding="UTF-8"?>
<!-- Generated by org.testng.reporters.JUnitXMLReporter -->
<testsuite ignored="0" hostname="DESKTOP-16638N7" failures="1" tests="1" name="Command line test" time="6.077" errors="0" timestamp="2021-10-10T14:46:51 ICT">
  <testcase classname="io.cucumber.testng.AbstractTestNGCucumberTests" name="runScenario" time="5.588">
    <failure type="java.lang.AssertionError" message="null">
      <![CDATA[java.lang.AssertionError: null
at helpers.CommonFEHelper.verifySearchBarIsPresent(CommonFEHelper.java:26)
at stepDefs.FrontendStepDefs.verifyThatTheSearchBarIsVisible(FrontendStepDefs.java:19)
at ✽.Verify that the search bar is visible(file:///C:/Users/adity/OneDrive/Desktop/RuangguruQAtest/src/test/java/features/frontendTestCases.feature:11)
... Removed 2 stack frames]]>
    </failure>
  </testcase> <!-- runScenario -->
</testsuite> <!-- Command line test -->
