<?xml version="1.0" encoding="UTF-8"?>
<testng-results ignored="0" total="0" passed="0" failed="0" skipped="0">
  <reporter-output>
  </reporter-output>
  <suite started-at="2021-10-10T12:41:21 ICT" name="TestRunner" finished-at="2021-10-10T12:41:21 ICT" duration-ms="516">
    <groups>
      <group name="cucumber">
        <method signature="AbstractTestNGCucumberTests.runScenario(io.cucumber.testng.PickleWrapper,io.cucumber.testng.FeatureWrapper)[pri:0, instance:TestRunner@799d4f69]" name="runScenario" class="io.cucumber.testng.AbstractTestNGCucumberTests"/>
      </group> <!-- cucumber -->
    </groups>
    <test started-at="2021-10-10T12:41:21 ICT" name="Command line test" finished-at="2021-10-10T12:41:21 ICT" duration-ms="516">
      <class name="TestRunner">
        <test-method is-config="true" signature="setUpClass()[pri:0, instance:TestRunner@799d4f69]" started-at="2021-10-10T12:41:21 ICT" name="setUpClass" finished-at="2021-10-10T12:41:21 ICT" duration-ms="441" status="PASS">
          <reporter-output>
          </reporter-output>
        </test-method> <!-- setUpClass -->
        <test-method is-config="true" signature="tearDownClass()[pri:0, instance:TestRunner@799d4f69]" started-at="2021-10-10T12:41:21 ICT" name="tearDownClass" finished-at="2021-10-10T12:41:21 ICT" duration-ms="37" status="PASS">
          <reporter-output>
          </reporter-output>
        </test-method> <!-- tearDownClass -->
      </class> <!-- TestRunner -->
    </test> <!-- Command line test -->
  </suite> <!-- TestRunner -->
</testng-results>
